#
# There is insufficient memory for the Java Runtime Environment to continue.
# Native memory allocation (mmap) failed to map 65536 bytes for Failed to commit metaspace.
# Possible reasons:
#   The system is out of physical RAM or swap space
#   The process is running with CompressedOops enabled, and the Java Heap may be blocking the growth of the native heap
# Possible solutions:
#   Reduce memory load on the system
#   Increase physical memory or swap space
#   Check if swap backing store is full
#   Decrease Java heap size (-Xmx/-Xms)
#   Decrease number of Java threads
#   Decrease Java thread stack sizes (-Xss)
#   Set larger code cache with -XX:ReservedCodeCacheSize=
#   JVM is running with Unscaled Compressed Oops mode in which the Java heap is
#     placed in the first 4GB address space. The Java Heap base address is the
#     maximum limit for the native heap growth. Please use -XX:HeapBaseMinAddress
#     to set the Java Heap base and to place the Java Heap above 4GB virtual address.
# This output file may be truncated or incomplete.
#
#  Out of Memory Error (virtualSpaceNode.cpp:110), pid=15920, tid=15976
#
# JRE version: Java(TM) SE Runtime Environment (17.0.10+11) (build 17.0.10+11-LTS-240)
# Java VM: Java HotSpot(TM) 64-Bit Server VM (17.0.10+11-LTS-240, mixed mode, sharing, tiered, compressed oops, compressed class ptrs, g1 gc, windows-amd64)
# No core dump will be written. Minidumps are not enabled by default on client versions of Windows
#

---------------  S U M M A R Y ------------

Command Line: -Xmx64m -Xms64m -Dorg.gradle.appname=gradlew org.gradle.wrapper.GradleWrapperMain app:installDebug -PreactNativeDevServerPort=8081

Host: 11th Gen Intel(R) Core(TM) i3-1115G4 @ 3.00GHz, 4 cores, 7G,  Windows 11 , 64 bit Build 22621 (10.0.22621.3672)
Time: Fri Jul  5 15:17:03 2024 India Standard Time elapsed time: 1.276990 seconds (0d 0h 0m 1s)

---------------  T H R E A D  ---------------

Current thread (0x000001e754e762b0):  JavaThread "main" [_thread_in_vm, id=15976, stack(0x0000005b0df00000,0x0000005b0e000000)]

Stack: [0x0000005b0df00000,0x0000005b0e000000]
Native frames: (J=compiled Java code, j=interpreted, Vv=VM code, C=native code)
V  [jvm.dll+0x677a5a]
V  [jvm.dll+0x7d8b2d]
V  [jvm.dll+0x7da48e]
V  [jvm.dll+0x7daaf3]
V  [jvm.dll+0x2455ff]
V  [jvm.dll+0x7d483b]
V  [jvm.dll+0x61dc06]
V  [jvm.dll+0x1bfa87]
V  [jvm.dll+0x620570]
V  [jvm.dll+0x61e5c6]
V  [jvm.dll+0x23b031]
V  [jvm.dll+0x1e9d67]
V  [jvm.dll+0x1dfa01]
V  [jvm.dll+0x53d58c]
V  [jvm.dll+0x753438]
V  [jvm.dll+0x753524]
V  [jvm.dll+0x40babf]
V  [jvm.dll+0x411a89]
C  [java.dll+0x17ec]

Java frames: (J=compiled Java code, j=interpreted, Vv=VM code)
J 771  java.lang.ClassLoader.defineClass1(Ljava/lang/ClassLoader;Ljava/lang/String;[BIILjava/security/ProtectionDomain;Ljava/lang/String;)Ljava/lang/Class; java.base@17.0.10 (0 bytes) @ 0x000001e765a57a63 [0x000001e765a579a0+0x00000000000000c3]
j  java.lang.ClassLoader.defineClass(Ljava/lang/String;[BIILjava/security/ProtectionDomain;)Ljava/lang/Class;+27 java.base@17.0.10
j  java.security.SecureClassLoader.defineClass(Ljava/lang/String;[BIILjava/security/CodeSource;)Ljava/lang/Class;+12 java.base@17.0.10
J 796 c1 java.net.URLClassLoader.defineClass(Ljava/lang/String;Ljdk/internal/loader/Resource;)Ljava/lang/Class; java.base@17.0.10 (224 bytes) @ 0x000001e75e0b4124 [0x000001e75e0b27c0+0x0000000000001964]
J 767 c1 java.net.URLClassLoader$1.run()Ljava/lang/Class; java.base@17.0.10 (81 bytes) @ 0x000001e75e09f5dc [0x000001e75e09e9a0+0x0000000000000c3c]
J 766 c1 java.net.URLClassLoader$1.run()Ljava/lang/Object; java.base@17.0.10 (5 bytes) @ 0x000001e75e09e4c4 [0x000001e75e09e440+0x0000000000000084]
J 579 c1 java.security.AccessController.doPrivileged(Ljava/security/PrivilegedExceptionAction;Ljava/security/AccessControlContext;)Ljava/lang/Object; java.base@17.0.10 (26 bytes) @ 0x000001e75e034bfc [0x000001e75e034a20+0x00000000000001dc]
J 711 c1 java.net.URLClassLoader.findClass(Ljava/lang/String;)Ljava/lang/Class; java.base@17.0.10 (47 bytes) @ 0x000001e75e08771c [0x000001e75e087580+0x000000000000019c]
J 685 c1 java.lang.ClassLoader.loadClass(Ljava/lang/String;Z)Ljava/lang/Class; java.base@17.0.10 (121 bytes) @ 0x000001e75e079674 [0x000001e75e0790c0+0x00000000000005b4]
J 716 c1 java.lang.ClassLoader.loadClass(Ljava/lang/String;)Ljava/lang/Class; java.base@17.0.10 (7 bytes) @ 0x000001e75e088fcc [0x000001e75e088ec0+0x000000000000010c]
v  ~StubRoutines::call_stub
j  com.google.common.collect.RegularImmutableList.listIterator(I)Lcom/google/common/collect/UnmodifiableListIterator;+11
j  com.google.common.collect.ImmutableList.listIterator()Lcom/google/common/collect/UnmodifiableListIterator;+2
j  com.google.common.collect.ImmutableList.iterator()Lcom/google/common/collect/UnmodifiableIterator;+1
j  com.google.common.collect.ImmutableList.iterator()Ljava/util/Iterator;+1
j  org.gradle.internal.buildoption.BuildOptionSet$1.configure(Lorg/gradle/cli/CommandLineParser;)V+7
j  org.gradle.launcher.cli.converter.BuildOptionBackedConverter.configure(Lorg/gradle/cli/CommandLineParser;)V+8
j  org.gradle.launcher.cli.DefaultCommandLineActionFactory$WithLogging.execute(Lorg/gradle/launcher/bootstrap/ExecutionListener;)V+97
j  org.gradle.launcher.Main.doAction([Ljava/lang/String;Lorg/gradle/launcher/bootstrap/ExecutionListener;)V+14
j  org.gradle.launcher.bootstrap.EntryPoint.run([Ljava/lang/String;)V+12
v  ~StubRoutines::call_stub
j  jdk.internal.reflect.NativeMethodAccessorImpl.invoke0(Ljava/lang/reflect/Method;Ljava/lang/Object;[Ljava/lang/Object;)Ljava/lang/Object;+0 java.base@17.0.10
j  jdk.internal.reflect.NativeMethodAccessorImpl.invoke(Ljava/lang/Object;[Ljava/lang/Object;)Ljava/lang/Object;+133 java.base@17.0.10
j  jdk.internal.reflect.DelegatingMethodAccessorImpl.invoke(Ljava/lang/Object;[Ljava/lang/Object;)Ljava/lang/Object;+6 java.base@17.0.10
j  java.lang.reflect.Method.invoke(Ljava/lang/Object;[Ljava/lang/Object;)Ljava/lang/Object;+59 java.base@17.0.10
j  org.gradle.launcher.bootstrap.ProcessBootstrap.runNoExit(Ljava/lang/String;[Ljava/lang/String;)V+155
j  org.gradle.launcher.bootstrap.ProcessBootstrap.run(Ljava/lang/String;[Ljava/lang/String;)V+2
v  ~StubRoutines::call_stub
j  jdk.internal.reflect.NativeMethodAccessorImpl.invoke0(Ljava/lang/reflect/Method;Ljava/lang/Object;[Ljava/lang/Object;)Ljava/lang/Object;+0 java.base@17.0.10
j  jdk.internal.reflect.NativeMethodAccessorImpl.invoke(Ljava/lang/Object;[Ljava/lang/Object;)Ljava/lang/Object;+133 java.base@17.0.10
j  jdk.internal.reflect.DelegatingMethodAccessorImpl.invoke(Ljava/lang/Object;[Ljava/lang/Object;)Ljava/lang/Object;+6 java.base@17.0.10
j  java.lang.reflect.Method.invoke(Ljava/lang/Object;[Ljava/lang/Object;)Ljava/lang/Object;+59 java.base@17.0.10
j  org.gradle.launcher.GradleMain.main([Ljava/lang/String;)V+100
v  ~StubRoutines::call_stub
j  jdk.internal.reflect.NativeMethodAccessorImpl.invoke0(Ljava/lang/reflect/Method;Ljava/lang/Object;[Ljava/lang/Object;)Ljava/lang/Object;+0 java.base@17.0.10
j  jdk.internal.reflect.NativeMethodAccessorImpl.invoke(Ljava/lang/Object;[Ljava/lang/Object;)Ljava/lang/Object;+133 java.base@17.0.10
j  jdk.internal.reflect.DelegatingMethodAccessorImpl.invoke(Ljava/lang/Object;[Ljava/lang/Object;)Ljava/lang/Object;+6 java.base@17.0.10
j  java.lang.reflect.Method.invoke(Ljava/lang/Object;[Ljava/lang/Object;)Ljava/lang/Object;+59 java.base@17.0.10
j  org.gradle.wrapper.BootstrapMainStarter.start([Ljava/lang/String;Ljava/io/File;)V+105
j  org.gradle.wrapper.WrapperExecutor.execute([Ljava/lang/String;Lorg/gradle/wrapper/Install;Lorg/gradle/wrapper/BootstrapMainStarter;)V+14
j  org.gradle.wrapper.GradleWrapperMain.main([Ljava/lang/String;)V+206
v  ~StubRoutines::call_stub

---------------  P R O C E S S  ---------------

Threads class SMR info:
_java_thread_list=0x000001e77400bc10, length=12, elements={
0x000001e754e762b0, 0x000001e76fccbcc0, 0x000001e76fccc790, 0x000001e76fce0fd0,
0x000001e76fce1aa0, 0x000001e76fce6390, 0x000001e76fce6c60, 0x000001e76fce7910,
0x000001e76fcec6f0, 0x000001e76fd6f420, 0x000001e77403e8c0, 0x000001e774041800
}

Java Threads: ( => current thread )
=>0x000001e754e762b0 JavaThread "main" [_thread_in_vm, id=15976, stack(0x0000005b0df00000,0x0000005b0e000000)]
  0x000001e76fccbcc0 JavaThread "Reference Handler" daemon [_thread_blocked, id=13372, stack(0x0000005b0e600000,0x0000005b0e700000)]
  0x000001e76fccc790 JavaThread "Finalizer" daemon [_thread_blocked, id=15728, stack(0x0000005b0e700000,0x0000005b0e800000)]
  0x000001e76fce0fd0 JavaThread "Signal Dispatcher" daemon [_thread_blocked, id=5416, stack(0x0000005b0e800000,0x0000005b0e900000)]
  0x000001e76fce1aa0 JavaThread "Attach Listener" daemon [_thread_blocked, id=13352, stack(0x0000005b0e900000,0x0000005b0ea00000)]
  0x000001e76fce6390 JavaThread "Service Thread" daemon [_thread_blocked, id=15188, stack(0x0000005b0ea00000,0x0000005b0eb00000)]
  0x000001e76fce6c60 JavaThread "Monitor Deflation Thread" daemon [_thread_blocked, id=14728, stack(0x0000005b0eb00000,0x0000005b0ec00000)]
  0x000001e76fce7910 JavaThread "C2 CompilerThread0" daemon [_thread_blocked, id=13756, stack(0x0000005b0ec00000,0x0000005b0ed00000)]
  0x000001e76fcec6f0 JavaThread "C1 CompilerThread0" daemon [_thread_blocked, id=8736, stack(0x0000005b0ed00000,0x0000005b0ee00000)]
  0x000001e76fd6f420 JavaThread "Sweeper thread" daemon [_thread_blocked, id=11856, stack(0x0000005b0ee00000,0x0000005b0ef00000)]
  0x000001e77403e8c0 JavaThread "Notification Thread" daemon [_thread_blocked, id=6732, stack(0x0000005b0ef00000,0x0000005b0f000000)]
  0x000001e774041800 JavaThread "Common-Cleaner" daemon [_thread_blocked, id=14284, stack(0x0000005b0f100000,0x0000005b0f200000)]

Other Threads:
  0x000001e76fcc6000 VMThread "VM Thread" [stack: 0x0000005b0e500000,0x0000005b0e600000] [id=11860]
  0x000001e774040db0 WatcherThread [stack: 0x0000005b0f000000,0x0000005b0f100000] [id=7420]
  0x000001e754e95ee0 GCTaskThread "GC Thread#0" [stack: 0x0000005b0e000000,0x0000005b0e100000] [id=9024]
  0x000001e774334310 GCTaskThread "GC Thread#1" [stack: 0x0000005b0f200000,0x0000005b0f300000] [id=14760]
  0x000001e7743335d0 GCTaskThread "GC Thread#2" [stack: 0x0000005b0f300000,0x0000005b0f400000] [id=6404]
  0x000001e77435ca00 GCTaskThread "GC Thread#3" [stack: 0x0000005b0f400000,0x0000005b0f500000] [id=15436]
  0x000001e754e98550 ConcurrentGCThread "G1 Main Marker" [stack: 0x0000005b0e100000,0x0000005b0e200000] [id=7796]
  0x000001e754e98e70 ConcurrentGCThread "G1 Conc#0" [stack: 0x0000005b0e200000,0x0000005b0e300000] [id=10700]
  0x000001e754eecd10 ConcurrentGCThread "G1 Refine#0" [stack: 0x0000005b0e300000,0x0000005b0e400000] [id=3360]
  0x000001e754eed650 ConcurrentGCThread "G1 Service" [stack: 0x0000005b0e400000,0x0000005b0e500000] [id=15788]

Threads with active compile tasks:

VM state: not at safepoint (normal execution)

VM Mutex/Monitor currently owned by a thread:  ([mutex/lock_event])
[0x000001e754e73470] Metaspace_lock - owner thread: 0x000001e754e762b0

Heap address: 0x00000000fc000000, size: 64 MB, Compressed Oops mode: 32-bit

CDS archive(s) mapped at: [0x000001e700000000-0x000001e700bd0000-0x000001e700bd0000), size 12386304, SharedBaseAddress: 0x000001e700000000, ArchiveRelocationMode: 1.
Compressed class space mapped at: 0x000001e701000000-0x000001e741000000, reserved size: 1073741824
Narrow klass base: 0x000001e700000000, Narrow klass shift: 0, Narrow klass range: 0x100000000

GC Precious Log:
 CPUs: 4 total, 4 available
 Memory: 7932M
 Large Page Support: Disabled
 NUMA Support: Disabled
 Compressed Oops: Enabled (32-bit)
 Heap Region Size: 1M
 Heap Min Capacity: 64M
 Heap Initial Capacity: 64M
 Heap Max Capacity: 64M
 Pre-touch: Disabled
 Parallel Workers: 4
 Concurrent Workers: 1
 Concurrent Refinement Workers: 4
 Periodic GC: Disabled

Heap:
 garbage-first heap   total 65536K, used 15008K [0x00000000fc000000, 0x0000000100000000)
  region size 1024K, 12 young (12288K), 2 survivors (2048K)
 Metaspace       used 3415K, committed 3584K, reserved 1114112K
  class space    used 400K, committed 512K, reserved 1048576K

Heap Regions: E=young(eden), S=young(survivor), O=old, HS=humongous(starts), HC=humongous(continues), CS=collection set, F=free, OA=open archive, CA=closed archive, TAMS=top-at-mark-start (previous, next)
|   0|0x00000000fc000000, 0x00000000fc0a8200, 0x00000000fc100000| 65%| O|  |TAMS 0x00000000fc000000, 0x00000000fc000000| Untracked 
|   1|0x00000000fc100000, 0x00000000fc200000, 0x00000000fc200000|100%|HS|  |TAMS 0x00000000fc100000, 0x00000000fc100000| Complete 
|   2|0x00000000fc200000, 0x00000000fc300000, 0x00000000fc300000|100%|HC|  |TAMS 0x00000000fc200000, 0x00000000fc200000| Complete 
|   3|0x00000000fc300000, 0x00000000fc400000, 0x00000000fc400000|100%|HC|  |TAMS 0x00000000fc300000, 0x00000000fc300000| Complete 
|   4|0x00000000fc400000, 0x00000000fc500000, 0x00000000fc500000|100%|HC|  |TAMS 0x00000000fc400000, 0x00000000fc400000| Complete 
|   5|0x00000000fc500000, 0x00000000fc500000, 0x00000000fc600000|  0%| F|  |TAMS 0x00000000fc500000, 0x00000000fc500000| Untracked 
|   6|0x00000000fc600000, 0x00000000fc600000, 0x00000000fc700000|  0%| F|  |TAMS 0x00000000fc600000, 0x00000000fc600000| Untracked 
|   7|0x00000000fc700000, 0x00000000fc700000, 0x00000000fc800000|  0%| F|  |TAMS 0x00000000fc700000, 0x00000000fc700000| Untracked 
|   8|0x00000000fc800000, 0x00000000fc800000, 0x00000000fc900000|  0%| F|  |TAMS 0x00000000fc800000, 0x00000000fc800000| Untracked 
|   9|0x00000000fc900000, 0x00000000fc900000, 0x00000000fca00000|  0%| F|  |TAMS 0x00000000fc900000, 0x00000000fc900000| Untracked 
|  10|0x00000000fca00000, 0x00000000fca00000, 0x00000000fcb00000|  0%| F|  |TAMS 0x00000000fca00000, 0x00000000fca00000| Untracked 
|  11|0x00000000fcb00000, 0x00000000fcb00000, 0x00000000fcc00000|  0%| F|  |TAMS 0x00000000fcb00000, 0x00000000fcb00000| Untracked 
|  12|0x00000000fcc00000, 0x00000000fcc00000, 0x00000000fcd00000|  0%| F|  |TAMS 0x00000000fcc00000, 0x00000000fcc00000| Untracked 
|  13|0x00000000fcd00000, 0x00000000fcd00000, 0x00000000fce00000|  0%| F|  |TAMS 0x00000000fcd00000, 0x00000000fcd00000| Untracked 
|  14|0x00000000fce00000, 0x00000000fce00000, 0x00000000fcf00000|  0%| F|  |TAMS 0x00000000fce00000, 0x00000000fce00000| Untracked 
|  15|0x00000000fcf00000, 0x00000000fcf00000, 0x00000000fd000000|  0%| F|  |TAMS 0x00000000fcf00000, 0x00000000fcf00000| Untracked 
|  16|0x00000000fd000000, 0x00000000fd000000, 0x00000000fd100000|  0%| F|  |TAMS 0x00000000fd000000, 0x00000000fd000000| Untracked 
|  17|0x00000000fd100000, 0x00000000fd100000, 0x00000000fd200000|  0%| F|  |TAMS 0x00000000fd100000, 0x00000000fd100000| Untracked 
|  18|0x00000000fd200000, 0x00000000fd200000, 0x00000000fd300000|  0%| F|  |TAMS 0x00000000fd200000, 0x00000000fd200000| Untracked 
|  19|0x00000000fd300000, 0x00000000fd300000, 0x00000000fd400000|  0%| F|  |TAMS 0x00000000fd300000, 0x00000000fd300000| Untracked 
|  20|0x00000000fd400000, 0x00000000fd400000, 0x00000000fd500000|  0%| F|  |TAMS 0x00000000fd400000, 0x00000000fd400000| Untracked 
|  21|0x00000000fd500000, 0x00000000fd500000, 0x00000000fd600000|  0%| F|  |TAMS 0x00000000fd500000, 0x00000000fd500000| Untracked 
|  22|0x00000000fd600000, 0x00000000fd600000, 0x00000000fd700000|  0%| F|  |TAMS 0x00000000fd600000, 0x00000000fd600000| Untracked 
|  23|0x00000000fd700000, 0x00000000fd700000, 0x00000000fd800000|  0%| F|  |TAMS 0x00000000fd700000, 0x00000000fd700000| Untracked 
|  24|0x00000000fd800000, 0x00000000fd800000, 0x00000000fd900000|  0%| F|  |TAMS 0x00000000fd800000, 0x00000000fd800000| Untracked 
|  25|0x00000000fd900000, 0x00000000fd900000, 0x00000000fda00000|  0%| F|  |TAMS 0x00000000fd900000, 0x00000000fd900000| Untracked 
|  26|0x00000000fda00000, 0x00000000fda00000, 0x00000000fdb00000|  0%| F|  |TAMS 0x00000000fda00000, 0x00000000fda00000| Untracked 
|  27|0x00000000fdb00000, 0x00000000fdb00000, 0x00000000fdc00000|  0%| F|  |TAMS 0x00000000fdb00000, 0x00000000fdb00000| Untracked 
|  28|0x00000000fdc00000, 0x00000000fdc00000, 0x00000000fdd00000|  0%| F|  |TAMS 0x00000000fdc00000, 0x00000000fdc00000| Untracked 
|  29|0x00000000fdd00000, 0x00000000fdd00000, 0x00000000fde00000|  0%| F|  |TAMS 0x00000000fdd00000, 0x00000000fdd00000| Untracked 
|  30|0x00000000fde00000, 0x00000000fde00000, 0x00000000fdf00000|  0%| F|  |TAMS 0x00000000fde00000, 0x00000000fde00000| Untracked 
|  31|0x00000000fdf00000, 0x00000000fdf00000, 0x00000000fe000000|  0%| F|  |TAMS 0x00000000fdf00000, 0x00000000fdf00000| Untracked 
|  32|0x00000000fe000000, 0x00000000fe000000, 0x00000000fe100000|  0%| F|  |TAMS 0x00000000fe000000, 0x00000000fe000000| Untracked 
|  33|0x00000000fe100000, 0x00000000fe100000, 0x00000000fe200000|  0%| F|  |TAMS 0x00000000fe100000, 0x00000000fe100000| Untracked 
|  34|0x00000000fe200000, 0x00000000fe200000, 0x00000000fe300000|  0%| F|  |TAMS 0x00000000fe200000, 0x00000000fe200000| Untracked 
|  35|0x00000000fe300000, 0x00000000fe300000, 0x00000000fe400000|  0%| F|  |TAMS 0x00000000fe300000, 0x00000000fe300000| Untracked 
|  36|0x00000000fe400000, 0x00000000fe400000, 0x00000000fe500000|  0%| F|  |TAMS 0x00000000fe400000, 0x00000000fe400000| Untracked 
|  37|0x00000000fe500000, 0x00000000fe500000, 0x00000000fe600000|  0%| F|  |TAMS 0x00000000fe500000, 0x00000000fe500000| Untracked 
|  38|0x00000000fe600000, 0x00000000fe600000, 0x00000000fe700000|  0%| F|  |TAMS 0x00000000fe600000, 0x00000000fe600000| Untracked 
|  39|0x00000000fe700000, 0x00000000fe700000, 0x00000000fe800000|  0%| F|  |TAMS 0x00000000fe700000, 0x00000000fe700000| Untracked 
|  40|0x00000000fe800000, 0x00000000fe800000, 0x00000000fe900000|  0%| F|  |TAMS 0x00000000fe800000, 0x00000000fe800000| Untracked 
|  41|0x00000000fe900000, 0x00000000fe900000, 0x00000000fea00000|  0%| F|  |TAMS 0x00000000fe900000, 0x00000000fe900000| Untracked 
|  42|0x00000000fea00000, 0x00000000fea00000, 0x00000000feb00000|  0%| F|  |TAMS 0x00000000fea00000, 0x00000000fea00000| Untracked 
|  43|0x00000000feb00000, 0x00000000feb00000, 0x00000000fec00000|  0%| F|  |TAMS 0x00000000feb00000, 0x00000000feb00000| Untracked 
|  44|0x00000000fec00000, 0x00000000fec00000, 0x00000000fed00000|  0%| F|  |TAMS 0x00000000fec00000, 0x00000000fec00000| Untracked 
|  45|0x00000000fed00000, 0x00000000fed00000, 0x00000000fee00000|  0%| F|  |TAMS 0x00000000fed00000, 0x00000000fed00000| Untracked 
|  46|0x00000000fee00000, 0x00000000fee00000, 0x00000000fef00000|  0%| F|  |TAMS 0x00000000fee00000, 0x00000000fee00000| Untracked 
|  47|0x00000000fef00000, 0x00000000fef00000, 0x00000000ff000000|  0%| F|  |TAMS 0x00000000fef00000, 0x00000000fef00000| Untracked 
|  48|0x00000000ff000000, 0x00000000ff000000, 0x00000000ff100000|  0%| F|  |TAMS 0x00000000ff000000, 0x00000000ff000000| Untracked 
|  49|0x00000000ff100000, 0x00000000ff200000, 0x00000000ff200000|100%| S|CS|TAMS 0x00000000ff100000, 0x00000000ff100000| Complete 
|  50|0x00000000ff200000, 0x00000000ff300000, 0x00000000ff300000|100%| S|CS|TAMS 0x00000000ff200000, 0x00000000ff200000| Complete 
|  51|0x00000000ff300000, 0x00000000ff300000, 0x00000000ff400000|  0%| F|  |TAMS 0x00000000ff300000, 0x00000000ff300000| Untracked 
|  52|0x00000000ff400000, 0x00000000ff400000, 0x00000000ff500000|  0%| F|  |TAMS 0x00000000ff400000, 0x00000000ff400000| Untracked 
|  53|0x00000000ff500000, 0x00000000ff500000, 0x00000000ff600000|  0%| F|  |TAMS 0x00000000ff500000, 0x00000000ff500000| Untracked 
|  54|0x00000000ff600000, 0x00000000ff6f5558, 0x00000000ff700000| 95%| E|  |TAMS 0x00000000ff600000, 0x00000000ff600000| Complete 
|  55|0x00000000ff700000, 0x00000000ff800000, 0x00000000ff800000|100%| E|CS|TAMS 0x00000000ff700000, 0x00000000ff700000| Complete 
|  56|0x00000000ff800000, 0x00000000ff900000, 0x00000000ff900000|100%| E|CS|TAMS 0x00000000ff800000, 0x00000000ff800000| Complete 
|  57|0x00000000ff900000, 0x00000000ffa00000, 0x00000000ffa00000|100%| E|CS|TAMS 0x00000000ff900000, 0x00000000ff900000| Complete 
|  58|0x00000000ffa00000, 0x00000000ffb00000, 0x00000000ffb00000|100%| E|CS|TAMS 0x00000000ffa00000, 0x00000000ffa00000| Complete 
|  59|0x00000000ffb00000, 0x00000000ffc00000, 0x00000000ffc00000|100%| E|  |TAMS 0x00000000ffb00000, 0x00000000ffb00000| Complete 
|  60|0x00000000ffc00000, 0x00000000ffd00000, 0x00000000ffd00000|100%| E|CS|TAMS 0x00000000ffc00000, 0x00000000ffc00000| Complete 
|  61|0x00000000ffd00000, 0x00000000ffe00000, 0x00000000ffe00000|100%| E|CS|TAMS 0x00000000ffd00000, 0x00000000ffd00000| Complete 
|  62|0x00000000ffe00000, 0x00000000fff00000, 0x00000000fff00000|100%| E|CS|TAMS 0x00000000ffe00000, 0x00000000ffe00000| Complete 
|  63|0x00000000fff00000, 0x0000000100000000, 0x0000000100000000|100%| E|CS|TAMS 0x00000000fff00000, 0x00000000fff00000| Complete 

Card table byte_map: [0x000001e754f70000,0x000001e754f90000] _byte_map_base: 0x000001e754790000

Marking Bits (Prev, Next): (CMBitMap*) 0x000001e754e96410, (CMBitMap*) 0x000001e754e96450
 Prev Bits: [0x000001e76d560000, 0x000001e76d660000)
 Next Bits: [0x000001e76d660000, 0x000001e76d760000)

Polling page: 0x000001e754d20000

Metaspace:

Usage:
  Non-class:      2.94 MB used.
      Class:    400.65 KB used.
       Both:      3.34 MB used.

Virtual space:
  Non-class space:       64.00 MB reserved,       3.00 MB (  5%) committed,  1 nodes.
      Class space:        1.00 GB reserved,     512.00 KB ( <1%) committed,  1 nodes.
             Both:        1.06 GB reserved,       3.50 MB ( <1%) committed. 

Chunk freelists:
   Non-Class:  10.73 MB
       Class:  15.48 MB
        Both:  26.22 MB

MaxMetaspaceSize: unlimited
CompressedClassSpaceSize: 1.00 GB
Initial GC threshold: 21.00 MB
Current GC threshold: 21.00 MB
CDS: on
MetaspaceReclaimPolicy: balanced
 - commit_granule_bytes: 65536.
 - commit_granule_words: 8192.
 - virtual_space_node_default_size: 8388608.
 - enlarge_chunks_in_place: 1.
 - new_chunks_are_fully_committed: 0.
 - uncommit_free_chunks: 1.
 - use_allocation_guard: 0.
 - handle_deallocations: 1.


Internal statistics:

num_allocs_failed_limit: 0.
num_arena_births: 16.
num_arena_deaths: 0.
num_vsnodes_births: 2.
num_vsnodes_deaths: 0.
num_space_committed: 56.
num_space_uncommitted: 0.
num_chunks_returned_to_freelist: 0.
num_chunks_taken_from_freelist: 95.
num_chunk_merges: 0.
num_chunk_splits: 63.
num_chunks_enlarged: 58.
num_inconsistent_stats: 0.

CodeHeap 'non-profiled nmethods': size=120000Kb used=334Kb max_used=334Kb free=119665Kb
 bounds [0x000001e765a10000, 0x000001e765c80000, 0x000001e76cf40000]
CodeHeap 'profiled nmethods': size=120000Kb used=1515Kb max_used=1515Kb free=118485Kb
 bounds [0x000001e75df40000, 0x000001e75e1b0000, 0x000001e765470000]
CodeHeap 'non-nmethods': size=5760Kb used=1140Kb max_used=1157Kb free=4619Kb
 bounds [0x000001e765470000, 0x000001e7656e0000, 0x000001e765a10000]
 total_blobs=1215 nmethods=803 adapters=325
 compilation: enabled
              stopped_count=0, restarted_count=0
 full_count=0

Compilation events (20 events):
Event: 1.164 Thread 0x000001e76fcec6f0 nmethod 795 0x000001e75e0b1e10 code [0x000001e75e0b1fe0, 0x000001e75e0b2248]
Event: 1.168 Thread 0x000001e76fce7910 nmethod 791 0x000001e765a61f90 code [0x000001e765a62120, 0x000001e765a62418]
Event: 1.168 Thread 0x000001e76fce7910  792   !   4       jdk.internal.loader.URLClassPath$JarLoader::getResource (65 bytes)
Event: 1.177 Thread 0x000001e76fce7910 nmethod 792 0x000001e765a62610 code [0x000001e765a62880, 0x000001e765a63190]
Event: 1.178 Thread 0x000001e76fcec6f0  796   !   3       java.net.URLClassLoader::defineClass (224 bytes)
Event: 1.180 Thread 0x000001e76fcec6f0 nmethod 796 0x000001e75e0b2310 code [0x000001e75e0b27c0, 0x000001e75e0b48c8]
Event: 1.180 Thread 0x000001e76fcec6f0  797       3       sun.net.www.protocol.jar.Handler::indexOfBangSlash (52 bytes)
Event: 1.181 Thread 0x000001e76fcec6f0 nmethod 797 0x000001e75e0b5790 code [0x000001e75e0b5a00, 0x000001e75e0b64f8]
Event: 1.181 Thread 0x000001e76fcec6f0  798       3       sun.net.www.protocol.jar.Handler::canonicalizeString (72 bytes)
Event: 1.182 Thread 0x000001e76fcec6f0 nmethod 798 0x000001e75e0b6890 code [0x000001e75e0b6b80, 0x000001e75e0b7a08]
Event: 1.182 Thread 0x000001e76fcec6f0  799       3       java.util.jar.JavaUtilJarAccessImpl::getTrustedAttributes (6 bytes)
Event: 1.182 Thread 0x000001e76fcec6f0 nmethod 799 0x000001e75e0b7f90 code [0x000001e75e0b8140, 0x000001e75e0b82a8]
Event: 1.182 Thread 0x000001e76fcec6f0  800       3       java.util.jar.Manifest::getTrustedAttributes (57 bytes)
Event: 1.183 Thread 0x000001e76fcec6f0 nmethod 800 0x000001e75e0b8390 code [0x000001e75e0b8600, 0x000001e75e0b8fb8]
Event: 1.183 Thread 0x000001e76fcec6f0  801       3       java.util.jar.Manifest::getAttributes (14 bytes)
Event: 1.183 Thread 0x000001e76fcec6f0 nmethod 801 0x000001e75e0b9310 code [0x000001e75e0b94c0, 0x000001e75e0b97a8]
Event: 1.186 Thread 0x000001e76fcec6f0  802   !   3       java.util.zip.ZipFile$Source::readAt (39 bytes)
Event: 1.186 Thread 0x000001e76fcec6f0 nmethod 802 0x000001e75e0b9890 code [0x000001e75e0b9a80, 0x000001e75e0b9f08]
Event: 1.257 Thread 0x000001e76fcec6f0  803       3       org.gradle.internal.installation.GradleInstallation$1::accept (5 bytes)
Event: 1.258 Thread 0x000001e76fcec6f0 nmethod 803 0x000001e75e0ba290 code [0x000001e75e0ba480, 0x000001e75e0baa08]

GC Heap History (2 events):
Event: 0.607 GC heap before
{Heap before GC invocations=0 (full 0):
 garbage-first heap   total 65536K, used 12288K [0x00000000fc000000, 0x0000000100000000)
  region size 1024K, 13 young (13312K), 0 survivors (0K)
 Metaspace       used 1833K, committed 1920K, reserved 1114112K
  class space    used 167K, committed 192K, reserved 1048576K
}
Event: 0.610 GC heap after
{Heap after GC invocations=1 (full 0):
 garbage-first heap   total 65536K, used 2720K [0x00000000fc000000, 0x0000000100000000)
  region size 1024K, 2 young (2048K), 2 survivors (2048K)
 Metaspace       used 1833K, committed 1920K, reserved 1114112K
  class space    used 167K, committed 192K, reserved 1048576K
}

Deoptimization events (20 events):
Event: 1.259 Thread 0x000001e754e762b0 Uncommon trap: trap_request=0xffffff45 fr.pc=0x000001e765a2d5b8 relative=0x0000000000000198
Event: 1.259 Thread 0x000001e754e762b0 Uncommon trap: reason=unstable_if action=reinterpret pc=0x000001e765a2d5b8 method=java.util.regex.Matcher.reset()Ljava/util/regex/Matcher; @ 47 c2
Event: 1.259 Thread 0x000001e754e762b0 DEOPT PACKING pc=0x000001e765a2d5b8 sp=0x0000005b0dffd3f0
Event: 1.259 Thread 0x000001e754e762b0 DEOPT UNPACKING pc=0x000001e7654c5ba3 sp=0x0000005b0dffd378 mode 2
Event: 1.259 Thread 0x000001e754e762b0 Uncommon trap: trap_request=0xffffffde fr.pc=0x000001e765a2e7ec relative=0x000000000000038c
Event: 1.259 Thread 0x000001e754e762b0 Uncommon trap: reason=class_check action=maybe_recompile pc=0x000001e765a2e7ec method=java.util.regex.Matcher.match(II)Z @ 121 c2
Event: 1.259 Thread 0x000001e754e762b0 DEOPT PACKING pc=0x000001e765a2e7ec sp=0x0000005b0dffd440
Event: 1.259 Thread 0x000001e754e762b0 DEOPT UNPACKING pc=0x000001e7654c5ba3 sp=0x0000005b0dffd3e8 mode 2
Event: 1.259 Thread 0x000001e754e762b0 Uncommon trap: trap_request=0xffffffde fr.pc=0x000001e765a2e7ec relative=0x000000000000038c
Event: 1.259 Thread 0x000001e754e762b0 Uncommon trap: reason=class_check action=maybe_recompile pc=0x000001e765a2e7ec method=java.util.regex.Matcher.match(II)Z @ 121 c2
Event: 1.259 Thread 0x000001e754e762b0 DEOPT PACKING pc=0x000001e765a2e7ec sp=0x0000005b0dffd440
Event: 1.259 Thread 0x000001e754e762b0 DEOPT UNPACKING pc=0x000001e7654c5ba3 sp=0x0000005b0dffd3e8 mode 2
Event: 1.260 Thread 0x000001e754e762b0 Uncommon trap: trap_request=0xffffffde fr.pc=0x000001e765a2e7ec relative=0x000000000000038c
Event: 1.260 Thread 0x000001e754e762b0 Uncommon trap: reason=class_check action=maybe_recompile pc=0x000001e765a2e7ec method=java.util.regex.Matcher.match(II)Z @ 121 c2
Event: 1.260 Thread 0x000001e754e762b0 DEOPT PACKING pc=0x000001e765a2e7ec sp=0x0000005b0dffd2c0
Event: 1.260 Thread 0x000001e754e762b0 DEOPT UNPACKING pc=0x000001e7654c5ba3 sp=0x0000005b0dffd268 mode 2
Event: 1.260 Thread 0x000001e754e762b0 Uncommon trap: trap_request=0xffffffde fr.pc=0x000001e765a2e7ec relative=0x000000000000038c
Event: 1.260 Thread 0x000001e754e762b0 Uncommon trap: reason=class_check action=maybe_recompile pc=0x000001e765a2e7ec method=java.util.regex.Matcher.match(II)Z @ 121 c2
Event: 1.260 Thread 0x000001e754e762b0 DEOPT PACKING pc=0x000001e765a2e7ec sp=0x0000005b0dffd2c0
Event: 1.260 Thread 0x000001e754e762b0 DEOPT UNPACKING pc=0x000001e7654c5ba3 sp=0x0000005b0dffd268 mode 2

Classes unloaded (0 events):
No events

Classes redefined (0 events):
No events

Internal exceptions (1 events):
Event: 0.181 Thread 0x000001e754e762b0 Exception <a 'java/lang/NoSuchMethodError'{0x00000000ffc62438}: 'int java.lang.invoke.DirectMethodHandle$Holder.invokeStaticInit(java.lang.Object, java.lang.Object)'> (0x00000000ffc62438) 
thrown [s\open\src\hotspot\share\interpreter\linkResolver.cpp, line 759]

VM Operations (6 events):
Event: 0.071 Executing VM operation: HandshakeAllThreads
Event: 0.071 Executing VM operation: HandshakeAllThreads done
Event: 0.604 Executing VM operation: G1CollectForAllocation
Event: 0.611 Executing VM operation: G1CollectForAllocation done
Event: 1.043 Executing VM operation: HandshakeAllThreads
Event: 1.043 Executing VM operation: HandshakeAllThreads done

Events (20 events):
Event: 1.018 loading class java/lang/reflect/Proxy$ProxyBuilder$1
Event: 1.018 loading class java/lang/reflect/Proxy$ProxyBuilder$1 done
Event: 1.023 loading class java/lang/reflect/InvocationTargetException
Event: 1.023 loading class java/lang/reflect/InvocationTargetException done
Event: 1.035 loading class java/util/LinkedList$ListItr
Event: 1.036 loading class java/util/LinkedList$ListItr done
Event: 1.038 loading class java/util/concurrent/ConcurrentLinkedQueue
Event: 1.039 loading class java/util/concurrent/ConcurrentLinkedQueue done
Event: 1.039 loading class java/util/concurrent/ConcurrentLinkedQueue$Node
Event: 1.039 loading class java/util/concurrent/ConcurrentLinkedQueue$Node done
Event: 1.041 loading class java/lang/reflect/ParameterizedType
Event: 1.041 loading class java/lang/reflect/ParameterizedType done
Event: 1.127 loading class java/io/InvalidObjectException
Event: 1.127 loading class java/io/ObjectStreamException
Event: 1.128 loading class java/io/ObjectStreamException done
Event: 1.128 loading class java/io/InvalidObjectException done
Event: 1.173 loading class java/lang/NumberFormatException
Event: 1.175 loading class java/lang/NumberFormatException done
Event: 1.267 loading class java/util/NoSuchElementException
Event: 1.268 loading class java/util/NoSuchElementException done


Dynamic libraries:
0x00007ff70d220000 - 0x00007ff70d230000 	C:\Program Files\Java\jdk-17\bin\java.exe
0x00007ffd05310000 - 0x00007ffd05527000 	C:\Windows\SYSTEM32\ntdll.dll
0x00007ffd03690000 - 0x00007ffd03754000 	C:\Windows\System32\KERNEL32.DLL
0x00007ffd02c30000 - 0x00007ffd02fdc000 	C:\Windows\System32\KERNELBASE.dll
0x00007ffd029a0000 - 0x00007ffd02ab1000 	C:\Windows\System32\ucrtbase.dll
0x00007ffce6500000 - 0x00007ffce6519000 	C:\Program Files\Java\jdk-17\bin\jli.dll
0x00007ffd04cd0000 - 0x00007ffd04d82000 	C:\Windows\System32\ADVAPI32.dll
0x00007ffd04790000 - 0x00007ffd04837000 	C:\Windows\System32\msvcrt.dll
0x00007ffd03850000 - 0x00007ffd038fa000 	C:\Windows\System32\sechost.dll
0x00007ffd02850000 - 0x00007ffd02878000 	C:\Windows\System32\bcrypt.dll
0x00007ffd04920000 - 0x00007ffd04a35000 	C:\Windows\System32\RPCRT4.dll
0x00007ffd03050000 - 0x00007ffd031fe000 	C:\Windows\System32\USER32.dll
0x00007ffd02b40000 - 0x00007ffd02b66000 	C:\Windows\System32\win32u.dll
0x00007ffce69a0000 - 0x00007ffce6c33000 	C:\Windows\WinSxS\amd64_microsoft.windows.common-controls_6595b64144ccf1df_6.0.22621.3672_none_2713b9d173822955\COMCTL32.dll
0x00007ffd04ca0000 - 0x00007ffd04cc9000 	C:\Windows\System32\GDI32.dll
0x00007ffce2f80000 - 0x00007ffce2f9b000 	C:\Program Files\Java\jdk-17\bin\VCRUNTIME140.dll
0x00007ffd02880000 - 0x00007ffd02999000 	C:\Windows\System32\gdi32full.dll
0x00007ffd027b0000 - 0x00007ffd0284a000 	C:\Windows\System32\msvcp_win.dll
0x00007ffcf98c0000 - 0x00007ffcf98ca000 	C:\Windows\SYSTEM32\VERSION.dll
0x00007ffd04c60000 - 0x00007ffd04c91000 	C:\Windows\System32\IMM32.DLL
0x00007ffcf7cb0000 - 0x00007ffcf7cbc000 	C:\Program Files\Java\jdk-17\bin\vcruntime140_1.dll
0x00007ffcd48a0000 - 0x00007ffcd492e000 	C:\Program Files\Java\jdk-17\bin\msvcp140.dll
0x00007ffc79110000 - 0x00007ffc79cef000 	C:\Program Files\Java\jdk-17\bin\server\jvm.dll
0x00007ffd03200000 - 0x00007ffd03208000 	C:\Windows\System32\PSAPI.DLL
0x00007ffcf1a40000 - 0x00007ffcf1a49000 	C:\Windows\SYSTEM32\WSOCK32.dll
0x00007ffcf66b0000 - 0x00007ffcf66e4000 	C:\Windows\SYSTEM32\WINMM.dll
0x00007ffd04840000 - 0x00007ffd048b1000 	C:\Windows\System32\WS2_32.dll
0x00007ffd01640000 - 0x00007ffd01658000 	C:\Windows\SYSTEM32\kernel.appcore.dll
0x00007ffce7170000 - 0x00007ffce717a000 	C:\Program Files\Java\jdk-17\bin\jimage.dll
0x00007ffcffdf0000 - 0x00007ffd00022000 	C:\Windows\SYSTEM32\DBGHELP.DLL
0x00007ffd04f40000 - 0x00007ffd052c8000 	C:\Windows\System32\combase.dll
0x00007ffd04b70000 - 0x00007ffd04c47000 	C:\Windows\System32\OLEAUT32.dll
0x00007ffcda2d0000 - 0x00007ffcda302000 	C:\Windows\SYSTEM32\dbgcore.DLL
0x00007ffd02ac0000 - 0x00007ffd02b3b000 	C:\Windows\System32\bcryptPrimitives.dll
0x00007ffcd43b0000 - 0x00007ffcd43d5000 	C:\Program Files\Java\jdk-17\bin\java.dll
0x00007ffcc4d20000 - 0x00007ffcc4df7000 	C:\Program Files\Java\jdk-17\bin\jsvml.dll
0x00007ffd03b70000 - 0x00007ffd043cc000 	C:\Windows\System32\SHELL32.dll
0x00007ffd00540000 - 0x00007ffd00e37000 	C:\Windows\SYSTEM32\windows.storage.dll
0x00007ffd00400000 - 0x00007ffd0053f000 	C:\Windows\SYSTEM32\wintypes.dll
0x00007ffd044d0000 - 0x00007ffd045c4000 	C:\Windows\System32\SHCORE.dll
0x00007ffd037e0000 - 0x00007ffd0383e000 	C:\Windows\System32\shlwapi.dll
0x00007ffd02570000 - 0x00007ffd02591000 	C:\Windows\SYSTEM32\profapi.dll
0x00007ffcd4200000 - 0x00007ffcd4219000 	C:\Program Files\Java\jdk-17\bin\net.dll
0x00007ffcf9760000 - 0x00007ffcf9896000 	C:\Windows\SYSTEM32\WINHTTP.dll
0x00007ffd01ac0000 - 0x00007ffd01b29000 	C:\Windows\system32\mswsock.dll
0x00007ffcd2b90000 - 0x00007ffcd2ba6000 	C:\Program Files\Java\jdk-17\bin\nio.dll
0x00007ffcd2b70000 - 0x00007ffcd2b88000 	C:\Program Files\Java\jdk-17\bin\zip.dll
0x00007ffce6340000 - 0x00007ffce6350000 	C:\Program Files\Java\jdk-17\bin\verify.dll

dbghelp: loaded successfully - version: 4.0.5 - missing functions: none
symbol engine: initialized successfully - sym options: 0x614 - pdb path: .;C:\Program Files\Java\jdk-17\bin;C:\Windows\SYSTEM32;C:\Windows\WinSxS\amd64_microsoft.windows.common-controls_6595b64144ccf1df_6.0.22621.3672_none_2713b9d173822955;C:\Program Files\Java\jdk-17\bin\server

VM Arguments:
jvm_args: -Xmx64m -Xms64m -Dorg.gradle.appname=gradlew 
java_command: org.gradle.wrapper.GradleWrapperMain app:installDebug -PreactNativeDevServerPort=8081
java_class_path (initial): E:\D\cinema\android\\gradle\wrapper\gradle-wrapper.jar
Launcher Type: SUN_STANDARD

[Global flags]
     intx CICompilerCount                          = 3                                         {product} {ergonomic}
     uint ConcGCThreads                            = 1                                         {product} {ergonomic}
     uint G1ConcRefinementThreads                  = 4                                         {product} {ergonomic}
   size_t G1HeapRegionSize                         = 1048576                                   {product} {ergonomic}
    uintx GCDrainStackTargetSize                   = 64                                        {product} {ergonomic}
   size_t InitialHeapSize                          = 67108864                                  {product} {command line}
   size_t MarkStackSize                            = 4194304                                   {product} {ergonomic}
   size_t MaxHeapSize                              = 67108864                                  {product} {command line}
   size_t MaxNewSize                               = 39845888                                  {product} {ergonomic}
   size_t MinHeapDeltaBytes                        = 1048576                                   {product} {ergonomic}
   size_t MinHeapSize                              = 67108864                                  {product} {command line}
    uintx NonNMethodCodeHeapSize                   = 5832780                                {pd product} {ergonomic}
    uintx NonProfiledCodeHeapSize                  = 122912730                              {pd product} {ergonomic}
    uintx ProfiledCodeHeapSize                     = 122912730                              {pd product} {ergonomic}
    uintx ReservedCodeCacheSize                    = 251658240                              {pd product} {ergonomic}
     bool SegmentedCodeCache                       = true                                      {product} {ergonomic}
   size_t SoftMaxHeapSize                          = 67108864                               {manageable} {ergonomic}
     bool UseCompressedClassPointers               = true                           {product lp64_product} {ergonomic}
     bool UseCompressedOops                        = true                           {product lp64_product} {ergonomic}
     bool UseG1GC                                  = true                                      {product} {ergonomic}
     bool UseLargePagesIndividualAllocation        = false                                  {pd product} {ergonomic}

Logging:
Log output configuration:
 #0: stdout all=warning uptime,level,tags
 #1: stderr all=off uptime,level,tags

Environment Variables:
JAVA_HOME=C:\Program Files\Java\jdk-17
CLASSPATH=E:\D\cinema\android\\gradle\wrapper\gradle-wrapper.jar
PATH=E:\D\cinema\node_modules\.bin;E:\D\node_modules\.bin;E:\node_modules\.bin;C:\Users\praja\AppData\Roaming\npm\node_modules\npm\node_modules\@npmcli\run-script\lib\node-gyp-bin;C:\Program Files\Common Files\Oracle\Java\javapath;C:\Program Files (x86)\Common Files\Oracle\Java\java8path;C:\Program Files (x86)\Common Files\Oracle\Java\javapath;C:\Python312\Scripts\;C:\Python312\;C:\Windows\system32;C:\Windows;C:\Windows\System32\Wbem;C:\Windows\System32\WindowsPowerShell\v1.0\;C:\Windows\System32\OpenSSH\;C:\ProgramData\chocolatey\bin;C:\Program Files\nodejs\;C:\Program Files\Git\cmd;C:\Program Files\Docker\Docker\resources\bin;C:\Program Files (x86)\PDFtk Server\bin\;C:\Users\praja\AppData\Local\Android\Sdk\platform-tools;C:\Users\praja\AppData\Local\Android\Sdk\tools;C:\Users\praja\AppData\Local\Android\Sdk\platform-tools;C:\Users\praja\AppData\Local\Android\Sdk\tools;C:\Users\praja\AppData\Local\Microsoft\WindowsApps;C:\Users\praja\AppData\Local\Programs\Microsoft VS Code\bin;C:\Users\praja\AppData\Roaming\npm;C:\Program Files\Java\jdk-17\bin;
USERNAME=praja
LANG=en_US.UTF-8
OS=Windows_NT
PROCESSOR_IDENTIFIER=Intel64 Family 6 Model 140 Stepping 1, GenuineIntel



---------------  S Y S T E M  ---------------

OS:
 Windows 11 , 64 bit Build 22621 (10.0.22621.3672)
OS uptime: 0 days 2:33 hours
Hyper-V role detected

CPU: total 4 (initial active 4) (2 cores per cpu, 2 threads per core) family 6 model 140 stepping 1 microcode 0xac, cx8, cmov, fxsr, ht, mmx, 3dnowpref, sse, sse2, sse3, ssse3, sse4.1, sse4.2, popcnt, lzcnt, tsc, tscinvbit, avx, avx2, aes, erms, clmul, bmi1, bmi2, adx, avx512f, avx512dq, avx512cd, avx512bw, avx512vl, sha, fma, vzeroupper, avx512_vpopcntdq, avx512_vpclmulqdq, avx512_vaes, avx512_vnni, clflush, clflushopt, clwb, avx512_vbmi2, avx512_vbmi, hv

Memory: 4k page, system-wide physical 7932M (965M free)
TotalPageFile size 15904M (AvailPageFile size 107M)
current process WorkingSet (physical memory assigned to process): 67M, peak: 67M
current process commit charge ("private bytes"): 148M, peak: 149M

vm_info: Java HotSpot(TM) 64-Bit Server VM (17.0.10+11-LTS-240) for windows-amd64 JRE (17.0.10+11-LTS-240), built on Dec 19 2023 21:47:25 by "mach5one" with MS VC++ 17.1 (VS2022)

END.
